2016-08-17 15:48:14 [-][-][-][error][yii\base\UnknownClassException] exception 'yii\base\UnknownClassException' with message 'Unable to find 'console\controllers\RbacController' in file: D:\wamp\www\yiiBaseAdvanced/console/controllers/RbacController.php. Namespace missing?' in D:\wamp\www\yiiBaseAdvanced\vendor\yiisoft\yii2\BaseYii.php:291
Stack trace:
#0 [internal function]: yii\BaseYii::autoload('console\\control...')
#1 [internal function]: spl_autoload_call('console\\control...')
#2 D:\wamp\www\yiiBaseAdvanced\vendor\yiisoft\yii2\base\Module.php(562): class_exists('console\\control...')
#3 D:\wamp\www\yiiBaseAdvanced\vendor\yiisoft\yii2\base\Module.php(520): yii\base\Module->createControllerByID('rbac')
#4 D:\wamp\www\yiiBaseAdvanced\vendor\yiisoft\yii2\base\Module.php(448): yii\base\Module->createController('rbac/init')
#5 D:\wamp\www\yiiBaseAdvanced\vendor\yiisoft\yii2\console\Application.php(180): yii\base\Module->runAction('rbac/init', Array)
#6 D:\wamp\www\yiiBaseAdvanced\vendor\yiisoft\yii2\console\Application.php(147): yii\console\Application->runAction('rbac/init', Array)
#7 D:\wamp\www\yiiBaseAdvanced\vendor\yiisoft\yii2\base\Application.php(375): yii\console\Application->handleRequest(Object(yii\console\Request))
#8 D:\wamp\www\yiiBaseAdvanced\yii(27): yii\base\Application->run()
#9 {main}
2016-08-17 15:48:14 [-][-][-][info][application] $_SERVER = [
    'ALLUSERSPROFILE' => 'C:\\ProgramData'
    'APPDATA' => 'C:\\Users\\gudezi\\AppData\\Roaming'
    'CommonProgramFiles' => 'C:\\Program Files (x86)\\Common Files'
    'CommonProgramFiles(x86)' => 'C:\\Program Files (x86)\\Common Files'
    'CommonProgramW6432' => 'C:\\Program Files\\Common Files'
    'COMPUTERNAME' => 'PCLGR1021'
    'ComSpec' => 'C:\\Windows\\system32\\cmd.exe'
    'FP_NO_HOST_CHECK' => 'NO'
    'HOMEDRIVE' => 'C:'
    'HOMEPATH' => '\\Users\\gudezi'
    'http_proxy' => 'http://gudezi:Asky.Walker103@172.22.10.121:8080'
    'LOCALAPPDATA' => 'C:\\Users\\gudezi\\AppData\\Local'
    'LOGONSERVER' => '\\\\LGRDC02'
    'LYNX_CFG' => 'C:\\Program Files (x86)\\Lynx - web browser\\lynx.cfg'
    'MCC_INCLUDE' => 'C:\\Program Files (x86)\\Microchip\\xc8\\v1.37/h'
    'MYSQLCONNECTOR_ASSEMBLIESPATH' => 'C:\\Program Files (x86)\\MySQL\\MySQL Connector Net 6.9.8\\Assemblies\\v4.0'
    'NUMBER_OF_PROCESSORS' => '4'
    'OS' => 'Windows_NT'
    'Path' => 'C:\\Program Files (x86)\\Intel\\iCLS Client\\;C:\\Program Files\\Intel\\iCLS Client\\;C:\\Windows\\system32;C:\\Windows;C:\\Windows\\System32\\Wbem;C:\\Windows\\System32\\WindowsPowerShell\\v1.0\\;C:\\Program Files\\Intel\\Intel(R) Management Engine Components\\DAL;C:\\Program Files (x86)\\Intel\\Intel(R) Management Engine Components\\DAL;C:\\Program Files\\Intel\\Intel(R) Management Engine Components\\IPT;C:\\Program Files (x86)\\Intel\\Intel(R) Management Engine Components\\IPT;C:\\Program Files\\TortoiseGit\\bin;C:\\Program Files\\TortoiseSVN\\bin;C:\\Program Files (x86)\\Microchip\\MPLAB C32 Suite\\bin;C:\\Program Files (x86)\\Microchip\\xc8\\v1.37\\bin;C:\\Program Files (x86)\\HI-TECH Software\\PICC-18\\PRO\\9.66\\bin;D:\\nodejs\\;C:\\Program Files (x86)\\GNU\\GnuPG\\pub;C:\\Program Files\\Git\\cmd;D:\\wamp\\bin\\php\\php5.5.12;C:\\ProgramData\\ComposerSetup\\bin;C:\\Program Files (x86)\\OpenVPN\\bin;D:\\ProgramFiles\\Arduino;C:\\Users\\gudezi\\AppData\\Roaming\\npm;C:\\Users\\gudezi\\AppData\\Roaming\\Composer\\vendor\\bin'
    'PATHEXT' => '.COM;.EXE;.BAT;.CMD;.VBS;.VBE;.JS;.JSE;.WSF;.WSH;.MSC'
    'PHP_COMMAND' => 'php.exe'
    'PROCESSOR_ARCHITECTURE' => 'x86'
    'PROCESSOR_ARCHITEW6432' => 'AMD64'
    'PROCESSOR_IDENTIFIER' => 'Intel64 Family 6 Model 60 Stepping 3, GenuineIntel'
    'PROCESSOR_LEVEL' => '6'
    'PROCESSOR_REVISION' => '3c03'
    'ProgramData' => 'C:\\ProgramData'
    'ProgramFiles' => 'C:\\Program Files (x86)'
    'ProgramFiles(x86)' => 'C:\\Program Files (x86)'
    'ProgramW6432' => 'C:\\Program Files'
    'PROMPT' => '$P$G'
    'PSModulePath' => 'C:\\Windows\\system32\\WindowsPowerShell\\v1.0\\Modules\\'
    'PUBLIC' => 'C:\\Users\\Public'
    'SystemDrive' => 'C:'
    'SystemRoot' => 'C:\\Windows'
    'TEMP' => 'C:\\Users\\gudezi\\AppData\\Local\\Temp'
    'TMP' => 'C:\\Users\\gudezi\\AppData\\Local\\Temp'
    'UATDATA' => 'C:\\Windows\\SysWOW64\\CCM\\UATData\\D9F8C395-CAB8-491d-B8AC-179A1FE1BE77'
    'USERDNSDOMAIN' => 'LGR.COM.AR'
    'USERDOMAIN' => 'LGR'
    'USERNAME' => 'gudezi'
    'USERPROFILE' => 'C:\\Users\\gudezi'
    'VS100COMNTOOLS' => 'c:\\Program Files (x86)\\Microsoft Visual Studio 10.0\\Common7\\Tools\\'
    'windir' => 'C:\\Windows'
    'windows_tracing_flags' => '3'
    'windows_tracing_logfile' => 'C:\\BVTBin\\Tests\\installpackage\\csilogfile.log'
    'YII_PATH' => 'D:\\wamp\\www\\yiiBaseAdvanced\\'
    'PHP_SELF' => 'D:\\wamp\\www\\yiiBaseAdvanced\\yii'
    'SCRIPT_NAME' => 'D:\\wamp\\www\\yiiBaseAdvanced\\yii'
    'SCRIPT_FILENAME' => 'D:\\wamp\\www\\yiiBaseAdvanced\\yii'
    'PATH_TRANSLATED' => 'D:\\wamp\\www\\yiiBaseAdvanced\\yii'
    'DOCUMENT_ROOT' => ''
    'REQUEST_TIME_FLOAT' => 1471441694.9454
    'REQUEST_TIME' => 1471441694
    'argv' => [
        0 => 'D:\\wamp\\www\\yiiBaseAdvanced\\yii'
        1 => 'rbac/init'
    ]
    'argc' => 2
]
2016-08-17 15:50:20 [-][-][-][error][yii\base\ErrorException:4] exception 'yii\base\ErrorException' with message 'syntax error, unexpected '/', expecting \\ (T_NS_SEPARATOR) or ';' or '{'' in D:\wamp\www\yiiBaseAdvanced\console\controllers\RbacController.php:2
Stack trace:
#0 D:\wamp\www\yiiBaseAdvanced\vendor\yiisoft\yii2\base\Module.php(562): ::spl_autoload_call()
#1 D:\wamp\www\yiiBaseAdvanced\vendor\yiisoft\yii2\base\Module.php(562): ::class_exists()
#2 D:\wamp\www\yiiBaseAdvanced\vendor\yiisoft\yii2\base\Module.php(520): yii\base\Module->createControllerByID()
#3 D:\wamp\www\yiiBaseAdvanced\vendor\yiisoft\yii2\base\Module.php(448): yii\base\Module->createController()
#4 D:\wamp\www\yiiBaseAdvanced\vendor\yiisoft\yii2\console\Application.php(180): yii\base\Module->runAction()
#5 D:\wamp\www\yiiBaseAdvanced\vendor\yiisoft\yii2\console\Application.php(147): yii\console\Application->runAction()
#6 D:\wamp\www\yiiBaseAdvanced\vendor\yiisoft\yii2\base\Application.php(375): yii\console\Application->handleRequest()
#7 D:\wamp\www\yiiBaseAdvanced\yii(27): yii\base\Application->run()
#8 {main}
2016-08-17 15:50:20 [-][-][-][info][application] $_SERVER = [
    'ALLUSERSPROFILE' => 'C:\\ProgramData'
    'APPDATA' => 'C:\\Users\\gudezi\\AppData\\Roaming'
    'CommonProgramFiles' => 'C:\\Program Files (x86)\\Common Files'
    'CommonProgramFiles(x86)' => 'C:\\Program Files (x86)\\Common Files'
    'CommonProgramW6432' => 'C:\\Program Files\\Common Files'
    'COMPUTERNAME' => 'PCLGR1021'
    'ComSpec' => 'C:\\Windows\\system32\\cmd.exe'
    'FP_NO_HOST_CHECK' => 'NO'
    'HOMEDRIVE' => 'C:'
    'HOMEPATH' => '\\Users\\gudezi'
    'http_proxy' => 'http://gudezi:Asky.Walker103@172.22.10.121:8080'
    'LOCALAPPDATA' => 'C:\\Users\\gudezi\\AppData\\Local'
    'LOGONSERVER' => '\\\\LGRDC02'
    'LYNX_CFG' => 'C:\\Program Files (x86)\\Lynx - web browser\\lynx.cfg'
    'MCC_INCLUDE' => 'C:\\Program Files (x86)\\Microchip\\xc8\\v1.37/h'
    'MYSQLCONNECTOR_ASSEMBLIESPATH' => 'C:\\Program Files (x86)\\MySQL\\MySQL Connector Net 6.9.8\\Assemblies\\v4.0'
    'NUMBER_OF_PROCESSORS' => '4'
    'OS' => 'Windows_NT'
    'Path' => 'C:\\Program Files (x86)\\Intel\\iCLS Client\\;C:\\Program Files\\Intel\\iCLS Client\\;C:\\Windows\\system32;C:\\Windows;C:\\Windows\\System32\\Wbem;C:\\Windows\\System32\\WindowsPowerShell\\v1.0\\;C:\\Program Files\\Intel\\Intel(R) Management Engine Components\\DAL;C:\\Program Files (x86)\\Intel\\Intel(R) Management Engine Components\\DAL;C:\\Program Files\\Intel\\Intel(R) Management Engine Components\\IPT;C:\\Program Files (x86)\\Intel\\Intel(R) Management Engine Components\\IPT;C:\\Program Files\\TortoiseGit\\bin;C:\\Program Files\\TortoiseSVN\\bin;C:\\Program Files (x86)\\Microchip\\MPLAB C32 Suite\\bin;C:\\Program Files (x86)\\Microchip\\xc8\\v1.37\\bin;C:\\Program Files (x86)\\HI-TECH Software\\PICC-18\\PRO\\9.66\\bin;D:\\nodejs\\;C:\\Program Files (x86)\\GNU\\GnuPG\\pub;C:\\Program Files\\Git\\cmd;D:\\wamp\\bin\\php\\php5.5.12;C:\\ProgramData\\ComposerSetup\\bin;C:\\Program Files (x86)\\OpenVPN\\bin;D:\\ProgramFiles\\Arduino;C:\\Users\\gudezi\\AppData\\Roaming\\npm;C:\\Users\\gudezi\\AppData\\Roaming\\Composer\\vendor\\bin'
    'PATHEXT' => '.COM;.EXE;.BAT;.CMD;.VBS;.VBE;.JS;.JSE;.WSF;.WSH;.MSC'
    'PHP_COMMAND' => 'php.exe'
    'PROCESSOR_ARCHITECTURE' => 'x86'
    'PROCESSOR_ARCHITEW6432' => 'AMD64'
    'PROCESSOR_IDENTIFIER' => 'Intel64 Family 6 Model 60 Stepping 3, GenuineIntel'
    'PROCESSOR_LEVEL' => '6'
    'PROCESSOR_REVISION' => '3c03'
    'ProgramData' => 'C:\\ProgramData'
    'ProgramFiles' => 'C:\\Program Files (x86)'
    'ProgramFiles(x86)' => 'C:\\Program Files (x86)'
    'ProgramW6432' => 'C:\\Program Files'
    'PROMPT' => '$P$G'
    'PSModulePath' => 'C:\\Windows\\system32\\WindowsPowerShell\\v1.0\\Modules\\'
    'PUBLIC' => 'C:\\Users\\Public'
    'SystemDrive' => 'C:'
    'SystemRoot' => 'C:\\Windows'
    'TEMP' => 'C:\\Users\\gudezi\\AppData\\Local\\Temp'
    'TMP' => 'C:\\Users\\gudezi\\AppData\\Local\\Temp'
    'UATDATA' => 'C:\\Windows\\SysWOW64\\CCM\\UATData\\D9F8C395-CAB8-491d-B8AC-179A1FE1BE77'
    'USERDNSDOMAIN' => 'LGR.COM.AR'
    'USERDOMAIN' => 'LGR'
    'USERNAME' => 'gudezi'
    'USERPROFILE' => 'C:\\Users\\gudezi'
    'VS100COMNTOOLS' => 'c:\\Program Files (x86)\\Microsoft Visual Studio 10.0\\Common7\\Tools\\'
    'windir' => 'C:\\Windows'
    'windows_tracing_flags' => '3'
    'windows_tracing_logfile' => 'C:\\BVTBin\\Tests\\installpackage\\csilogfile.log'
    'YII_PATH' => 'D:\\wamp\\www\\yiiBaseAdvanced\\'
    'PHP_SELF' => 'D:\\wamp\\www\\yiiBaseAdvanced\\yii'
    'SCRIPT_NAME' => 'D:\\wamp\\www\\yiiBaseAdvanced\\yii'
    'SCRIPT_FILENAME' => 'D:\\wamp\\www\\yiiBaseAdvanced\\yii'
    'PATH_TRANSLATED' => 'D:\\wamp\\www\\yiiBaseAdvanced\\yii'
    'DOCUMENT_ROOT' => ''
    'REQUEST_TIME_FLOAT' => 1471441820.1389
    'REQUEST_TIME' => 1471441820
    'argv' => [
        0 => 'D:\\wamp\\www\\yiiBaseAdvanced\\yii'
        1 => 'rbac/init'
    ]
    'argc' => 2
]
