2016-08-11 15:28:22 [::1][-][-][error][yii\base\ErrorException:1] exception 'yii\base\ErrorException' with message 'Class 'backend\controllers\Operacion' not found' in D:\wamp\www\yiiBaseAdvanced\backend\controllers\RolController.php:67
Stack trace:
#0 D:\wamp\www\yiiBaseAdvanced\vendor\yiisoft\yii2\base\InlineAction.php(55): ::call_user_func_array:{D:\wamp\www\yiiBaseAdvanced\vendor\yiisoft\yii2\base\InlineAction.php:55}()
#1 D:\wamp\www\yiiBaseAdvanced\vendor\yiisoft\yii2\base\Controller.php(154): yii\base\InlineAction->runWithParams()
#2 D:\wamp\www\yiiBaseAdvanced\vendor\yiisoft\yii2\base\Module.php(454): yii\base\Controller->runAction()
#3 D:\wamp\www\yiiBaseAdvanced\vendor\yiisoft\yii2\web\Application.php(87): yii\base\Module->runAction()
#4 D:\wamp\www\yiiBaseAdvanced\vendor\yiisoft\yii2\base\Application.php(375): yii\web\Application->handleRequest()
#5 D:\wamp\www\yiiBaseAdvanced\backend\web\index.php(18): yii\base\Application->run()
#6 {main}
2016-08-11 15:28:22 [::1][-][-][info][application] $_GET = [
    'r' => 'rol/create'
]

$_COOKIE = [
    '_pk_id_1_1fff' => 'eb457de9c2ba48c8.1452878176.1.1452879564.1452878176.'
    '_csrf' => '8920e32a3416a4c82a0ec3d70d203209804a20b22f1d63125dc2591b069c21efa:2:{i:0;s:5:\"_csrf\";i:1;s:32:\"urH7w_LJFgnaSDqMy9INTfs6o4NKX0Mc\";}'
    'advanced-backend' => '44tmgv1imscp2421b96nud6fi0'
    '_identity-backend' => '87c7ab57b17f77863dffbbcdb14b814d11b7acbb48a089bb7ab1453f327c4c48a:2:{i:0;s:17:\"_identity-backend\";i:1;s:46:\"[1,\"HYOgqXKhNLISrlVmbCrog0vSs3SoxWno\",2592000]\";}'
    'PHPSESSID' => 'htk8iqn6p5q4daspv7i2o0lhb7'
    '_csrf-frontend' => '9487b4af9d2ceebeeebd33c5452b9c9f7625cb9037fe1abaeccf7c4b259792bfa:2:{i:0;s:14:\"_csrf-frontend\";i:1;s:32:\"WTh4Tt7iI1G0iSFfjSfotLZnyxH0XiGK\";}'
    '_csrf-backend' => '56727a8163895e4d7d580875f2998037cbd2729161f75e8979e50d3d49af9004a:2:{i:0;s:13:\"_csrf-backend\";i:1;s:32:\"4MMyxG7QMtD7S3JIKAGUw7I4tvrw1m1K\";}'
    'advanced-frontend' => 'g51vd0d99vok14cj69i7hkhpc4'
    '_identity-frontend' => '211de4e0981c56890b0795cf05d72a9c40d96a771cfb83a473a8c6f4157f7f52a:2:{i:0;s:18:\"_identity-frontend\";i:1;s:46:\"[1,\"3aMP2OYqzM9VCaJHKbN6bXdbKjOT1gFe\",2592000]\";}'
]

$_SERVER = [
    'HTTP_HOST' => 'localhost'
    'HTTP_CONNECTION' => 'keep-alive'
    'HTTP_UPGRADE_INSECURE_REQUESTS' => '1'
    'HTTP_USER_AGENT' => 'Mozilla/5.0 (Windows NT 6.1; WOW64) AppleWebKit/537.36 (KHTML, like Gecko) Chrome/51.0.2704.103 Safari/537.36'
    'HTTP_ACCEPT' => 'text/html,application/xhtml+xml,application/xml;q=0.9,image/webp,*/*;q=0.8'
    'HTTP_REFERER' => 'http://localhost/yiiback/index.php?r=rol%2Findex'
    'HTTP_ACCEPT_ENCODING' => 'gzip, deflate, sdch'
    'HTTP_ACCEPT_LANGUAGE' => 'es-ES,es;q=0.8,en;q=0.6'
    'HTTP_COOKIE' => '_pk_id.1.1fff=eb457de9c2ba48c8.1452878176.1.1452879564.1452878176.; _csrf=8920e32a3416a4c82a0ec3d70d203209804a20b22f1d63125dc2591b069c21efa%3A2%3A%7Bi%3A0%3Bs%3A5%3A%22_csrf%22%3Bi%3A1%3Bs%3A32%3A%22urH7w_LJFgnaSDqMy9INTfs6o4NKX0Mc%22%3B%7D; advanced-backend=44tmgv1imscp2421b96nud6fi0; _identity-backend=87c7ab57b17f77863dffbbcdb14b814d11b7acbb48a089bb7ab1453f327c4c48a%3A2%3A%7Bi%3A0%3Bs%3A17%3A%22_identity-backend%22%3Bi%3A1%3Bs%3A46%3A%22%5B1%2C%22HYOgqXKhNLISrlVmbCrog0vSs3SoxWno%22%2C2592000%5D%22%3B%7D; PHPSESSID=htk8iqn6p5q4daspv7i2o0lhb7; _csrf-frontend=9487b4af9d2ceebeeebd33c5452b9c9f7625cb9037fe1abaeccf7c4b259792bfa%3A2%3A%7Bi%3A0%3Bs%3A14%3A%22_csrf-frontend%22%3Bi%3A1%3Bs%3A32%3A%22WTh4Tt7iI1G0iSFfjSfotLZnyxH0XiGK%22%3B%7D; _csrf-backend=56727a8163895e4d7d580875f2998037cbd2729161f75e8979e50d3d49af9004a%3A2%3A%7Bi%3A0%3Bs%3A13%3A%22_csrf-backend%22%3Bi%3A1%3Bs%3A32%3A%224MMyxG7QMtD7S3JIKAGUw7I4tvrw1m1K%22%3B%7D; advanced-frontend=g51vd0d99vok14cj69i7hkhpc4; _identity-frontend=211de4e0981c56890b0795cf05d72a9c40d96a771cfb83a473a8c6f4157f7f52a%3A2%3A%7Bi%3A0%3Bs%3A18%3A%22_identity-frontend%22%3Bi%3A1%3Bs%3A46%3A%22%5B1%2C%223aMP2OYqzM9VCaJHKbN6bXdbKjOT1gFe%22%2C2592000%5D%22%3B%7D'
    'PATH' => 'C:\\Program Files (x86)\\Intel\\iCLS Client\\;C:\\Program Files\\Intel\\iCLS Client\\;C:\\Windows\\system32;C:\\Windows;C:\\Windows\\System32\\Wbem;C:\\Windows\\System32\\WindowsPowerShell\\v1.0\\;C:\\Program Files\\Intel\\Intel(R) Management Engine Components\\DAL;C:\\Program Files (x86)\\Intel\\Intel(R) Management Engine Components\\DAL;C:\\Program Files\\Intel\\Intel(R) Management Engine Components\\IPT;C:\\Program Files (x86)\\Intel\\Intel(R) Management Engine Components\\IPT;C:\\Program Files\\TortoiseGit\\bin;C:\\Program Files\\TortoiseSVN\\bin;C:\\Program Files (x86)\\Microchip\\MPLAB C32 Suite\\bin;C:\\Program Files (x86)\\Microchip\\xc8\\v1.37\\bin;C:\\Program Files (x86)\\HI-TECH Software\\PICC-18\\PRO\\9.66\\bin;D:\\nodejs\\;C:\\Program Files (x86)\\GNU\\GnuPG\\pub;C:\\Program Files\\Git\\cmd;D:\\wamp\\bin\\php\\php5.5.12;C:\\ProgramData\\ComposerSetup\\bin;'
    'SystemRoot' => 'C:\\Windows'
    'COMSPEC' => 'C:\\Windows\\system32\\cmd.exe'
    'PATHEXT' => '.COM;.EXE;.BAT;.CMD;.VBS;.VBE;.JS;.JSE;.WSF;.WSH;.MSC'
    'WINDIR' => 'C:\\Windows'
    'SERVER_SIGNATURE' => '<address>Apache/2.4.9 (Win32) OpenSSL/1.0.1g PHP/5.5.12 Server at localhost Port 80</address>
'
    'SERVER_SOFTWARE' => 'Apache/2.4.9 (Win32) OpenSSL/1.0.1g PHP/5.5.12'
    'SERVER_NAME' => 'localhost'
    'SERVER_ADDR' => '::1'
    'SERVER_PORT' => '80'
    'REMOTE_ADDR' => '::1'
    'DOCUMENT_ROOT' => 'D:/wamp/www/'
    'REQUEST_SCHEME' => 'http'
    'CONTEXT_PREFIX' => '/yiiback/'
    'CONTEXT_DOCUMENT_ROOT' => 'D:\\wamp\\www\\yiiBaseAdvanced\\backend\\web/'
    'SERVER_ADMIN' => 'admin@example.com'
    'SCRIPT_FILENAME' => 'D:/wamp/www/yiiBaseAdvanced/backend/web/index.php'
    'REMOTE_PORT' => '23924'
    'GATEWAY_INTERFACE' => 'CGI/1.1'
    'SERVER_PROTOCOL' => 'HTTP/1.1'
    'REQUEST_METHOD' => 'GET'
    'QUERY_STRING' => 'r=rol%2Fcreate'
    'REQUEST_URI' => '/yiiback/index.php?r=rol%2Fcreate'
    'SCRIPT_NAME' => '/yiiback/index.php'
    'PHP_SELF' => '/yiiback/index.php'
    'REQUEST_TIME_FLOAT' => 1470940101.996
    'REQUEST_TIME' => 1470940101
]
2016-08-11 15:28:25 [::1][-][-][error][yii\base\ErrorException:1] exception 'yii\base\ErrorException' with message 'Class 'backend\controllers\Operacion' not found' in D:\wamp\www\yiiBaseAdvanced\backend\controllers\RolController.php:97
Stack trace:
#0 D:\wamp\www\yiiBaseAdvanced\vendor\yiisoft\yii2\base\InlineAction.php(55): ::call_user_func_array:{D:\wamp\www\yiiBaseAdvanced\vendor\yiisoft\yii2\base\InlineAction.php:55}()
#1 D:\wamp\www\yiiBaseAdvanced\vendor\yiisoft\yii2\base\Controller.php(154): yii\base\InlineAction->runWithParams()
#2 D:\wamp\www\yiiBaseAdvanced\vendor\yiisoft\yii2\base\Module.php(454): yii\base\Controller->runAction()
#3 D:\wamp\www\yiiBaseAdvanced\vendor\yiisoft\yii2\web\Application.php(87): yii\base\Module->runAction()
#4 D:\wamp\www\yiiBaseAdvanced\vendor\yiisoft\yii2\base\Application.php(375): yii\web\Application->handleRequest()
#5 D:\wamp\www\yiiBaseAdvanced\backend\web\index.php(18): yii\base\Application->run()
#6 {main}
2016-08-11 15:28:24 [::1][-][-][info][application] $_GET = [
    'r' => 'rol/update'
    'id' => '2'
]

$_COOKIE = [
    '_pk_id_1_1fff' => 'eb457de9c2ba48c8.1452878176.1.1452879564.1452878176.'
    '_csrf' => '8920e32a3416a4c82a0ec3d70d203209804a20b22f1d63125dc2591b069c21efa:2:{i:0;s:5:\"_csrf\";i:1;s:32:\"urH7w_LJFgnaSDqMy9INTfs6o4NKX0Mc\";}'
    'advanced-backend' => '44tmgv1imscp2421b96nud6fi0'
    '_identity-backend' => '87c7ab57b17f77863dffbbcdb14b814d11b7acbb48a089bb7ab1453f327c4c48a:2:{i:0;s:17:\"_identity-backend\";i:1;s:46:\"[1,\"HYOgqXKhNLISrlVmbCrog0vSs3SoxWno\",2592000]\";}'
    'PHPSESSID' => 'htk8iqn6p5q4daspv7i2o0lhb7'
    '_csrf-frontend' => '9487b4af9d2ceebeeebd33c5452b9c9f7625cb9037fe1abaeccf7c4b259792bfa:2:{i:0;s:14:\"_csrf-frontend\";i:1;s:32:\"WTh4Tt7iI1G0iSFfjSfotLZnyxH0XiGK\";}'
    '_csrf-backend' => '56727a8163895e4d7d580875f2998037cbd2729161f75e8979e50d3d49af9004a:2:{i:0;s:13:\"_csrf-backend\";i:1;s:32:\"4MMyxG7QMtD7S3JIKAGUw7I4tvrw1m1K\";}'
    'advanced-frontend' => 'g51vd0d99vok14cj69i7hkhpc4'
    '_identity-frontend' => '211de4e0981c56890b0795cf05d72a9c40d96a771cfb83a473a8c6f4157f7f52a:2:{i:0;s:18:\"_identity-frontend\";i:1;s:46:\"[1,\"3aMP2OYqzM9VCaJHKbN6bXdbKjOT1gFe\",2592000]\";}'
]

$_SERVER = [
    'HTTP_HOST' => 'localhost'
    'HTTP_CONNECTION' => 'keep-alive'
    'HTTP_UPGRADE_INSECURE_REQUESTS' => '1'
    'HTTP_USER_AGENT' => 'Mozilla/5.0 (Windows NT 6.1; WOW64) AppleWebKit/537.36 (KHTML, like Gecko) Chrome/51.0.2704.103 Safari/537.36'
    'HTTP_ACCEPT' => 'text/html,application/xhtml+xml,application/xml;q=0.9,image/webp,*/*;q=0.8'
    'HTTP_REFERER' => 'http://localhost/yiiback/index.php?r=rol%2Findex'
    'HTTP_ACCEPT_ENCODING' => 'gzip, deflate, sdch'
    'HTTP_ACCEPT_LANGUAGE' => 'es-ES,es;q=0.8,en;q=0.6'
    'HTTP_COOKIE' => '_pk_id.1.1fff=eb457de9c2ba48c8.1452878176.1.1452879564.1452878176.; _csrf=8920e32a3416a4c82a0ec3d70d203209804a20b22f1d63125dc2591b069c21efa%3A2%3A%7Bi%3A0%3Bs%3A5%3A%22_csrf%22%3Bi%3A1%3Bs%3A32%3A%22urH7w_LJFgnaSDqMy9INTfs6o4NKX0Mc%22%3B%7D; advanced-backend=44tmgv1imscp2421b96nud6fi0; _identity-backend=87c7ab57b17f77863dffbbcdb14b814d11b7acbb48a089bb7ab1453f327c4c48a%3A2%3A%7Bi%3A0%3Bs%3A17%3A%22_identity-backend%22%3Bi%3A1%3Bs%3A46%3A%22%5B1%2C%22HYOgqXKhNLISrlVmbCrog0vSs3SoxWno%22%2C2592000%5D%22%3B%7D; PHPSESSID=htk8iqn6p5q4daspv7i2o0lhb7; _csrf-frontend=9487b4af9d2ceebeeebd33c5452b9c9f7625cb9037fe1abaeccf7c4b259792bfa%3A2%3A%7Bi%3A0%3Bs%3A14%3A%22_csrf-frontend%22%3Bi%3A1%3Bs%3A32%3A%22WTh4Tt7iI1G0iSFfjSfotLZnyxH0XiGK%22%3B%7D; _csrf-backend=56727a8163895e4d7d580875f2998037cbd2729161f75e8979e50d3d49af9004a%3A2%3A%7Bi%3A0%3Bs%3A13%3A%22_csrf-backend%22%3Bi%3A1%3Bs%3A32%3A%224MMyxG7QMtD7S3JIKAGUw7I4tvrw1m1K%22%3B%7D; advanced-frontend=g51vd0d99vok14cj69i7hkhpc4; _identity-frontend=211de4e0981c56890b0795cf05d72a9c40d96a771cfb83a473a8c6f4157f7f52a%3A2%3A%7Bi%3A0%3Bs%3A18%3A%22_identity-frontend%22%3Bi%3A1%3Bs%3A46%3A%22%5B1%2C%223aMP2OYqzM9VCaJHKbN6bXdbKjOT1gFe%22%2C2592000%5D%22%3B%7D'
    'PATH' => 'C:\\Program Files (x86)\\Intel\\iCLS Client\\;C:\\Program Files\\Intel\\iCLS Client\\;C:\\Windows\\system32;C:\\Windows;C:\\Windows\\System32\\Wbem;C:\\Windows\\System32\\WindowsPowerShell\\v1.0\\;C:\\Program Files\\Intel\\Intel(R) Management Engine Components\\DAL;C:\\Program Files (x86)\\Intel\\Intel(R) Management Engine Components\\DAL;C:\\Program Files\\Intel\\Intel(R) Management Engine Components\\IPT;C:\\Program Files (x86)\\Intel\\Intel(R) Management Engine Components\\IPT;C:\\Program Files\\TortoiseGit\\bin;C:\\Program Files\\TortoiseSVN\\bin;C:\\Program Files (x86)\\Microchip\\MPLAB C32 Suite\\bin;C:\\Program Files (x86)\\Microchip\\xc8\\v1.37\\bin;C:\\Program Files (x86)\\HI-TECH Software\\PICC-18\\PRO\\9.66\\bin;D:\\nodejs\\;C:\\Program Files (x86)\\GNU\\GnuPG\\pub;C:\\Program Files\\Git\\cmd;D:\\wamp\\bin\\php\\php5.5.12;C:\\ProgramData\\ComposerSetup\\bin;'
    'SystemRoot' => 'C:\\Windows'
    'COMSPEC' => 'C:\\Windows\\system32\\cmd.exe'
    'PATHEXT' => '.COM;.EXE;.BAT;.CMD;.VBS;.VBE;.JS;.JSE;.WSF;.WSH;.MSC'
    'WINDIR' => 'C:\\Windows'
    'SERVER_SIGNATURE' => '<address>Apache/2.4.9 (Win32) OpenSSL/1.0.1g PHP/5.5.12 Server at localhost Port 80</address>
'
    'SERVER_SOFTWARE' => 'Apache/2.4.9 (Win32) OpenSSL/1.0.1g PHP/5.5.12'
    'SERVER_NAME' => 'localhost'
    'SERVER_ADDR' => '::1'
    'SERVER_PORT' => '80'
    'REMOTE_ADDR' => '::1'
    'DOCUMENT_ROOT' => 'D:/wamp/www/'
    'REQUEST_SCHEME' => 'http'
    'CONTEXT_PREFIX' => '/yiiback/'
    'CONTEXT_DOCUMENT_ROOT' => 'D:\\wamp\\www\\yiiBaseAdvanced\\backend\\web/'
    'SERVER_ADMIN' => 'admin@example.com'
    'SCRIPT_FILENAME' => 'D:/wamp/www/yiiBaseAdvanced/backend/web/index.php'
    'REMOTE_PORT' => '23925'
    'GATEWAY_INTERFACE' => 'CGI/1.1'
    'SERVER_PROTOCOL' => 'HTTP/1.1'
    'REQUEST_METHOD' => 'GET'
    'QUERY_STRING' => 'r=rol%2Fupdate&id=2'
    'REQUEST_URI' => '/yiiback/index.php?r=rol%2Fupdate&id=2'
    'SCRIPT_NAME' => '/yiiback/index.php'
    'PHP_SELF' => '/yiiback/index.php'
    'REQUEST_TIME_FLOAT' => 1470940104.914
    'REQUEST_TIME' => 1470940104
]
2016-08-11 15:32:58 [::1][1][44tmgv1imscp2421b96nud6fi0][error][yii\web\HttpException:404] exception 'yii\base\InvalidRouteException' with message 'Unable to resolve the request "role".' in D:\wamp\www\yiiBaseAdvanced\vendor\yiisoft\yii2\base\Module.php:460
Stack trace:
#0 D:\wamp\www\yiiBaseAdvanced\vendor\yiisoft\yii2\web\Application.php(87): yii\base\Module->runAction('role', Array)
#1 D:\wamp\www\yiiBaseAdvanced\vendor\yiisoft\yii2\base\Application.php(375): yii\web\Application->handleRequest(Object(yii\web\Request))
#2 D:\wamp\www\yiiBaseAdvanced\backend\web\index.php(18): yii\base\Application->run()
#3 {main}

Next exception 'yii\web\NotFoundHttpException' with message 'Page not found.' in D:\wamp\www\yiiBaseAdvanced\vendor\yiisoft\yii2\web\Application.php:99
Stack trace:
#0 D:\wamp\www\yiiBaseAdvanced\vendor\yiisoft\yii2\base\Application.php(375): yii\web\Application->handleRequest(Object(yii\web\Request))
#1 D:\wamp\www\yiiBaseAdvanced\backend\web\index.php(18): yii\base\Application->run()
#2 {main}
2016-08-11 15:32:58 [::1][1][44tmgv1imscp2421b96nud6fi0][info][application] $_GET = [
    'r' => 'role'
]

$_COOKIE = [
    '_pk_id_1_1fff' => 'eb457de9c2ba48c8.1452878176.1.1452879564.1452878176.'
    '_csrf' => '8920e32a3416a4c82a0ec3d70d203209804a20b22f1d63125dc2591b069c21efa:2:{i:0;s:5:\"_csrf\";i:1;s:32:\"urH7w_LJFgnaSDqMy9INTfs6o4NKX0Mc\";}'
    'advanced-backend' => '44tmgv1imscp2421b96nud6fi0'
    '_identity-backend' => '87c7ab57b17f77863dffbbcdb14b814d11b7acbb48a089bb7ab1453f327c4c48a:2:{i:0;s:17:\"_identity-backend\";i:1;s:46:\"[1,\"HYOgqXKhNLISrlVmbCrog0vSs3SoxWno\",2592000]\";}'
    'PHPSESSID' => 'htk8iqn6p5q4daspv7i2o0lhb7'
    '_csrf-frontend' => '9487b4af9d2ceebeeebd33c5452b9c9f7625cb9037fe1abaeccf7c4b259792bfa:2:{i:0;s:14:\"_csrf-frontend\";i:1;s:32:\"WTh4Tt7iI1G0iSFfjSfotLZnyxH0XiGK\";}'
    '_csrf-backend' => '56727a8163895e4d7d580875f2998037cbd2729161f75e8979e50d3d49af9004a:2:{i:0;s:13:\"_csrf-backend\";i:1;s:32:\"4MMyxG7QMtD7S3JIKAGUw7I4tvrw1m1K\";}'
    'advanced-frontend' => 'g51vd0d99vok14cj69i7hkhpc4'
    '_identity-frontend' => '211de4e0981c56890b0795cf05d72a9c40d96a771cfb83a473a8c6f4157f7f52a:2:{i:0;s:18:\"_identity-frontend\";i:1;s:46:\"[1,\"3aMP2OYqzM9VCaJHKbN6bXdbKjOT1gFe\",2592000]\";}'
]

$_SESSION = [
    '__flash' => []
    '__id' => 1
    '__returnUrl' => '/yiiback/'
]

$_SERVER = [
    'HTTP_HOST' => 'localhost'
    'HTTP_CONNECTION' => 'keep-alive'
    'HTTP_UPGRADE_INSECURE_REQUESTS' => '1'
    'HTTP_USER_AGENT' => 'Mozilla/5.0 (Windows NT 6.1; WOW64) AppleWebKit/537.36 (KHTML, like Gecko) Chrome/51.0.2704.103 Safari/537.36'
    'HTTP_ACCEPT' => 'text/html,application/xhtml+xml,application/xml;q=0.9,image/webp,*/*;q=0.8'
    'HTTP_ACCEPT_ENCODING' => 'gzip, deflate, sdch'
    'HTTP_ACCEPT_LANGUAGE' => 'es-ES,es;q=0.8,en;q=0.6'
    'HTTP_COOKIE' => '_pk_id.1.1fff=eb457de9c2ba48c8.1452878176.1.1452879564.1452878176.; _csrf=8920e32a3416a4c82a0ec3d70d203209804a20b22f1d63125dc2591b069c21efa%3A2%3A%7Bi%3A0%3Bs%3A5%3A%22_csrf%22%3Bi%3A1%3Bs%3A32%3A%22urH7w_LJFgnaSDqMy9INTfs6o4NKX0Mc%22%3B%7D; advanced-backend=44tmgv1imscp2421b96nud6fi0; _identity-backend=87c7ab57b17f77863dffbbcdb14b814d11b7acbb48a089bb7ab1453f327c4c48a%3A2%3A%7Bi%3A0%3Bs%3A17%3A%22_identity-backend%22%3Bi%3A1%3Bs%3A46%3A%22%5B1%2C%22HYOgqXKhNLISrlVmbCrog0vSs3SoxWno%22%2C2592000%5D%22%3B%7D; PHPSESSID=htk8iqn6p5q4daspv7i2o0lhb7; _csrf-frontend=9487b4af9d2ceebeeebd33c5452b9c9f7625cb9037fe1abaeccf7c4b259792bfa%3A2%3A%7Bi%3A0%3Bs%3A14%3A%22_csrf-frontend%22%3Bi%3A1%3Bs%3A32%3A%22WTh4Tt7iI1G0iSFfjSfotLZnyxH0XiGK%22%3B%7D; _csrf-backend=56727a8163895e4d7d580875f2998037cbd2729161f75e8979e50d3d49af9004a%3A2%3A%7Bi%3A0%3Bs%3A13%3A%22_csrf-backend%22%3Bi%3A1%3Bs%3A32%3A%224MMyxG7QMtD7S3JIKAGUw7I4tvrw1m1K%22%3B%7D; advanced-frontend=g51vd0d99vok14cj69i7hkhpc4; _identity-frontend=211de4e0981c56890b0795cf05d72a9c40d96a771cfb83a473a8c6f4157f7f52a%3A2%3A%7Bi%3A0%3Bs%3A18%3A%22_identity-frontend%22%3Bi%3A1%3Bs%3A46%3A%22%5B1%2C%223aMP2OYqzM9VCaJHKbN6bXdbKjOT1gFe%22%2C2592000%5D%22%3B%7D'
    'PATH' => 'C:\\Program Files (x86)\\Intel\\iCLS Client\\;C:\\Program Files\\Intel\\iCLS Client\\;C:\\Windows\\system32;C:\\Windows;C:\\Windows\\System32\\Wbem;C:\\Windows\\System32\\WindowsPowerShell\\v1.0\\;C:\\Program Files\\Intel\\Intel(R) Management Engine Components\\DAL;C:\\Program Files (x86)\\Intel\\Intel(R) Management Engine Components\\DAL;C:\\Program Files\\Intel\\Intel(R) Management Engine Components\\IPT;C:\\Program Files (x86)\\Intel\\Intel(R) Management Engine Components\\IPT;C:\\Program Files\\TortoiseGit\\bin;C:\\Program Files\\TortoiseSVN\\bin;C:\\Program Files (x86)\\Microchip\\MPLAB C32 Suite\\bin;C:\\Program Files (x86)\\Microchip\\xc8\\v1.37\\bin;C:\\Program Files (x86)\\HI-TECH Software\\PICC-18\\PRO\\9.66\\bin;D:\\nodejs\\;C:\\Program Files (x86)\\GNU\\GnuPG\\pub;C:\\Program Files\\Git\\cmd;D:\\wamp\\bin\\php\\php5.5.12;C:\\ProgramData\\ComposerSetup\\bin;'
    'SystemRoot' => 'C:\\Windows'
    'COMSPEC' => 'C:\\Windows\\system32\\cmd.exe'
    'PATHEXT' => '.COM;.EXE;.BAT;.CMD;.VBS;.VBE;.JS;.JSE;.WSF;.WSH;.MSC'
    'WINDIR' => 'C:\\Windows'
    'SERVER_SIGNATURE' => '<address>Apache/2.4.9 (Win32) OpenSSL/1.0.1g PHP/5.5.12 Server at localhost Port 80</address>
'
    'SERVER_SOFTWARE' => 'Apache/2.4.9 (Win32) OpenSSL/1.0.1g PHP/5.5.12'
    'SERVER_NAME' => 'localhost'
    'SERVER_ADDR' => '::1'
    'SERVER_PORT' => '80'
    'REMOTE_ADDR' => '::1'
    'DOCUMENT_ROOT' => 'D:/wamp/www/'
    'REQUEST_SCHEME' => 'http'
    'CONTEXT_PREFIX' => '/yiiback/'
    'CONTEXT_DOCUMENT_ROOT' => 'D:\\wamp\\www\\yiiBaseAdvanced\\backend\\web/'
    'SERVER_ADMIN' => 'admin@example.com'
    'SCRIPT_FILENAME' => 'D:/wamp/www/yiiBaseAdvanced/backend/web/index.php'
    'REMOTE_PORT' => '23982'
    'GATEWAY_INTERFACE' => 'CGI/1.1'
    'SERVER_PROTOCOL' => 'HTTP/1.1'
    'REQUEST_METHOD' => 'GET'
    'QUERY_STRING' => 'r=role'
    'REQUEST_URI' => '/yiiback/index.php?r=role'
    'SCRIPT_NAME' => '/yiiback/index.php'
    'PHP_SELF' => '/yiiback/index.php'
    'REQUEST_TIME_FLOAT' => 1470940378.345
    'REQUEST_TIME' => 1470940378
]
2016-08-12 15:26:53 [::1][-][-][error][yii\base\InvalidConfigException] exception 'yii\base\InvalidConfigException' with message 'The 'gridview' module MUST be setup in your Yii configuration file and must be an instance of 'kartik\grid\Module'.' in D:\wamp\www\yiiBaseAdvanced\vendor\kartik-v\yii2-krajee-base\Config.php:275
Stack trace:
#0 D:\wamp\www\yiiBaseAdvanced\vendor\kartik-v\yii2-grid\GridView.php(726): kartik\base\Config::initModule('kartik\\grid\\Mod...')
#1 D:\wamp\www\yiiBaseAdvanced\vendor\yiisoft\yii2\base\Object.php(107): kartik\grid\GridView->init()
#2 [internal function]: yii\base\Object->__construct(Array)
#3 D:\wamp\www\yiiBaseAdvanced\vendor\yiisoft\yii2\di\Container.php(379): ReflectionClass->newInstanceArgs(Array)
#4 D:\wamp\www\yiiBaseAdvanced\vendor\yiisoft\yii2\di\Container.php(154): yii\di\Container->build('kartik\\grid\\Gri...', Array, Array)
#5 D:\wamp\www\yiiBaseAdvanced\vendor\yiisoft\yii2\BaseYii.php(344): yii\di\Container->get('kartik\\grid\\Gri...', Array, Array)
#6 D:\wamp\www\yiiBaseAdvanced\vendor\yiisoft\yii2\base\Widget.php(101): yii\BaseYii::createObject(Array)
#7 D:\wamp\www\yiiBaseAdvanced\backend\views\solicitante\index.php(58): yii\base\Widget::widget(Array)
#8 D:\wamp\www\yiiBaseAdvanced\vendor\yiisoft\yii2\base\View.php(325): require('D:\\wamp\\www\\yii...')
#9 D:\wamp\www\yiiBaseAdvanced\vendor\yiisoft\yii2\base\View.php(247): yii\base\View->renderPhpFile('D:\\wamp\\www\\yii...', Array)
#10 D:\wamp\www\yiiBaseAdvanced\vendor\yiisoft\yii2\base\View.php(149): yii\base\View->renderFile('D:\\wamp\\www\\yii...', Array, Object(backend\controllers\SolicitanteController))
#11 D:\wamp\www\yiiBaseAdvanced\vendor\yiisoft\yii2\base\Controller.php(378): yii\base\View->render('index', Array, Object(backend\controllers\SolicitanteController))
#12 D:\wamp\www\yiiBaseAdvanced\backend\controllers\SolicitanteController.php(47): yii\base\Controller->render('index', Array)
#13 [internal function]: backend\controllers\SolicitanteController->actionIndex()
#14 D:\wamp\www\yiiBaseAdvanced\vendor\yiisoft\yii2\base\InlineAction.php(55): call_user_func_array(Array, Array)
#15 D:\wamp\www\yiiBaseAdvanced\vendor\yiisoft\yii2\base\Controller.php(154): yii\base\InlineAction->runWithParams(Array)
#16 D:\wamp\www\yiiBaseAdvanced\vendor\yiisoft\yii2\base\Module.php(454): yii\base\Controller->runAction('', Array)
#17 D:\wamp\www\yiiBaseAdvanced\vendor\yiisoft\yii2\web\Application.php(87): yii\base\Module->runAction('solicitante', Array)
#18 D:\wamp\www\yiiBaseAdvanced\vendor\yiisoft\yii2\base\Application.php(375): yii\web\Application->handleRequest(Object(yii\web\Request))
#19 D:\wamp\www\yiiBaseAdvanced\backend\web\index.php(18): yii\base\Application->run()
#20 {main}
2016-08-12 15:26:52 [::1][-][-][info][application] $_GET = [
    'r' => 'solicitante'
]

$_COOKIE = [
    '_pk_id_1_1fff' => 'eb457de9c2ba48c8.1452878176.1.1452879564.1452878176.'
    '_csrf' => '8920e32a3416a4c82a0ec3d70d203209804a20b22f1d63125dc2591b069c21efa:2:{i:0;s:5:\"_csrf\";i:1;s:32:\"urH7w_LJFgnaSDqMy9INTfs6o4NKX0Mc\";}'
    'advanced-backend' => '44tmgv1imscp2421b96nud6fi0'
    '_identity-backend' => '87c7ab57b17f77863dffbbcdb14b814d11b7acbb48a089bb7ab1453f327c4c48a:2:{i:0;s:17:\"_identity-backend\";i:1;s:46:\"[1,\"HYOgqXKhNLISrlVmbCrog0vSs3SoxWno\",2592000]\";}'
    'PHPSESSID' => 'htk8iqn6p5q4daspv7i2o0lhb7'
    '_csrf-frontend' => '9487b4af9d2ceebeeebd33c5452b9c9f7625cb9037fe1abaeccf7c4b259792bfa:2:{i:0;s:14:\"_csrf-frontend\";i:1;s:32:\"WTh4Tt7iI1G0iSFfjSfotLZnyxH0XiGK\";}'
    '_csrf-backend' => '56727a8163895e4d7d580875f2998037cbd2729161f75e8979e50d3d49af9004a:2:{i:0;s:13:\"_csrf-backend\";i:1;s:32:\"4MMyxG7QMtD7S3JIKAGUw7I4tvrw1m1K\";}'
    'advanced-frontend' => 'qsdka5kk13cv20srsg5btsc104'
    '_identity-frontend' => '211de4e0981c56890b0795cf05d72a9c40d96a771cfb83a473a8c6f4157f7f52a:2:{i:0;s:18:\"_identity-frontend\";i:1;s:46:\"[1,\"3aMP2OYqzM9VCaJHKbN6bXdbKjOT1gFe\",2592000]\";}'
]

$_SERVER = [
    'HTTP_HOST' => 'localhost'
    'HTTP_CONNECTION' => 'keep-alive'
    'HTTP_UPGRADE_INSECURE_REQUESTS' => '1'
    'HTTP_USER_AGENT' => 'Mozilla/5.0 (Windows NT 6.1; WOW64) AppleWebKit/537.36 (KHTML, like Gecko) Chrome/51.0.2704.103 Safari/537.36'
    'HTTP_ACCEPT' => 'text/html,application/xhtml+xml,application/xml;q=0.9,image/webp,*/*;q=0.8'
    'HTTP_ACCEPT_ENCODING' => 'gzip, deflate, sdch'
    'HTTP_ACCEPT_LANGUAGE' => 'es-ES,es;q=0.8,en;q=0.6'
    'HTTP_COOKIE' => '_pk_id.1.1fff=eb457de9c2ba48c8.1452878176.1.1452879564.1452878176.; _csrf=8920e32a3416a4c82a0ec3d70d203209804a20b22f1d63125dc2591b069c21efa%3A2%3A%7Bi%3A0%3Bs%3A5%3A%22_csrf%22%3Bi%3A1%3Bs%3A32%3A%22urH7w_LJFgnaSDqMy9INTfs6o4NKX0Mc%22%3B%7D; advanced-backend=44tmgv1imscp2421b96nud6fi0; _identity-backend=87c7ab57b17f77863dffbbcdb14b814d11b7acbb48a089bb7ab1453f327c4c48a%3A2%3A%7Bi%3A0%3Bs%3A17%3A%22_identity-backend%22%3Bi%3A1%3Bs%3A46%3A%22%5B1%2C%22HYOgqXKhNLISrlVmbCrog0vSs3SoxWno%22%2C2592000%5D%22%3B%7D; PHPSESSID=htk8iqn6p5q4daspv7i2o0lhb7; _csrf-frontend=9487b4af9d2ceebeeebd33c5452b9c9f7625cb9037fe1abaeccf7c4b259792bfa%3A2%3A%7Bi%3A0%3Bs%3A14%3A%22_csrf-frontend%22%3Bi%3A1%3Bs%3A32%3A%22WTh4Tt7iI1G0iSFfjSfotLZnyxH0XiGK%22%3B%7D; _csrf-backend=56727a8163895e4d7d580875f2998037cbd2729161f75e8979e50d3d49af9004a%3A2%3A%7Bi%3A0%3Bs%3A13%3A%22_csrf-backend%22%3Bi%3A1%3Bs%3A32%3A%224MMyxG7QMtD7S3JIKAGUw7I4tvrw1m1K%22%3B%7D; advanced-frontend=qsdka5kk13cv20srsg5btsc104; _identity-frontend=211de4e0981c56890b0795cf05d72a9c40d96a771cfb83a473a8c6f4157f7f52a%3A2%3A%7Bi%3A0%3Bs%3A18%3A%22_identity-frontend%22%3Bi%3A1%3Bs%3A46%3A%22%5B1%2C%223aMP2OYqzM9VCaJHKbN6bXdbKjOT1gFe%22%2C2592000%5D%22%3B%7D'
    'PATH' => 'C:\\Program Files (x86)\\Intel\\iCLS Client\\;C:\\Program Files\\Intel\\iCLS Client\\;C:\\Windows\\system32;C:\\Windows;C:\\Windows\\System32\\Wbem;C:\\Windows\\System32\\WindowsPowerShell\\v1.0\\;C:\\Program Files\\Intel\\Intel(R) Management Engine Components\\DAL;C:\\Program Files (x86)\\Intel\\Intel(R) Management Engine Components\\DAL;C:\\Program Files\\Intel\\Intel(R) Management Engine Components\\IPT;C:\\Program Files (x86)\\Intel\\Intel(R) Management Engine Components\\IPT;C:\\Program Files\\TortoiseGit\\bin;C:\\Program Files\\TortoiseSVN\\bin;C:\\Program Files (x86)\\Microchip\\MPLAB C32 Suite\\bin;C:\\Program Files (x86)\\Microchip\\xc8\\v1.37\\bin;C:\\Program Files (x86)\\HI-TECH Software\\PICC-18\\PRO\\9.66\\bin;D:\\nodejs\\;C:\\Program Files (x86)\\GNU\\GnuPG\\pub;C:\\Program Files\\Git\\cmd;D:\\wamp\\bin\\php\\php5.5.12;C:\\ProgramData\\ComposerSetup\\bin;'
    'SystemRoot' => 'C:\\Windows'
    'COMSPEC' => 'C:\\Windows\\system32\\cmd.exe'
    'PATHEXT' => '.COM;.EXE;.BAT;.CMD;.VBS;.VBE;.JS;.JSE;.WSF;.WSH;.MSC'
    'WINDIR' => 'C:\\Windows'
    'SERVER_SIGNATURE' => '<address>Apache/2.4.9 (Win32) OpenSSL/1.0.1g PHP/5.5.12 Server at localhost Port 80</address>
'
    'SERVER_SOFTWARE' => 'Apache/2.4.9 (Win32) OpenSSL/1.0.1g PHP/5.5.12'
    'SERVER_NAME' => 'localhost'
    'SERVER_ADDR' => '::1'
    'SERVER_PORT' => '80'
    'REMOTE_ADDR' => '::1'
    'DOCUMENT_ROOT' => 'D:/wamp/www/'
    'REQUEST_SCHEME' => 'http'
    'CONTEXT_PREFIX' => '/yiiback/'
    'CONTEXT_DOCUMENT_ROOT' => 'D:\\wamp\\www\\yiiBaseAdvanced\\backend\\web/'
    'SERVER_ADMIN' => 'admin@example.com'
    'SCRIPT_FILENAME' => 'D:/wamp/www/yiiBaseAdvanced/backend/web/index.php'
    'REMOTE_PORT' => '31132'
    'GATEWAY_INTERFACE' => 'CGI/1.1'
    'SERVER_PROTOCOL' => 'HTTP/1.1'
    'REQUEST_METHOD' => 'GET'
    'QUERY_STRING' => 'r=solicitante'
    'REQUEST_URI' => '/yiiback/index.php?r=solicitante'
    'SCRIPT_NAME' => '/yiiback/index.php'
    'PHP_SELF' => '/yiiback/index.php'
    'REQUEST_TIME_FLOAT' => 1471026412.935
    'REQUEST_TIME' => 1471026412
]
2016-08-12 15:35:07 [::1][-][-][error][yii\base\InvalidConfigException] exception 'yii\base\InvalidConfigException' with message 'The 'gridview' module MUST be setup in your Yii configuration file and must be an instance of 'kartik\grid\Module'.' in D:\wamp\www\yiiBaseAdvanced\vendor\kartik-v\yii2-krajee-base\Config.php:275
Stack trace:
#0 D:\wamp\www\yiiBaseAdvanced\vendor\kartik-v\yii2-grid\GridView.php(751): kartik\base\Config::initModule('kartik\\grid\\Mod...')
#1 D:\wamp\www\yiiBaseAdvanced\vendor\yiisoft\yii2\base\Object.php(107): kartik\grid\GridView->init()
#2 [internal function]: yii\base\Object->__construct(Array)
#3 D:\wamp\www\yiiBaseAdvanced\vendor\yiisoft\yii2\di\Container.php(379): ReflectionClass->newInstanceArgs(Array)
#4 D:\wamp\www\yiiBaseAdvanced\vendor\yiisoft\yii2\di\Container.php(154): yii\di\Container->build('kartik\\grid\\Gri...', Array, Array)
#5 D:\wamp\www\yiiBaseAdvanced\vendor\yiisoft\yii2\BaseYii.php(344): yii\di\Container->get('kartik\\grid\\Gri...', Array, Array)
#6 D:\wamp\www\yiiBaseAdvanced\vendor\yiisoft\yii2\base\Widget.php(101): yii\BaseYii::createObject(Array)
#7 D:\wamp\www\yiiBaseAdvanced\backend\views\solicitante\index.php(58): yii\base\Widget::widget(Array)
#8 D:\wamp\www\yiiBaseAdvanced\vendor\yiisoft\yii2\base\View.php(325): require('D:\\wamp\\www\\yii...')
#9 D:\wamp\www\yiiBaseAdvanced\vendor\yiisoft\yii2\base\View.php(247): yii\base\View->renderPhpFile('D:\\wamp\\www\\yii...', Array)
#10 D:\wamp\www\yiiBaseAdvanced\vendor\yiisoft\yii2\base\View.php(149): yii\base\View->renderFile('D:\\wamp\\www\\yii...', Array, Object(backend\controllers\SolicitanteController))
#11 D:\wamp\www\yiiBaseAdvanced\vendor\yiisoft\yii2\base\Controller.php(378): yii\base\View->render('index', Array, Object(backend\controllers\SolicitanteController))
#12 D:\wamp\www\yiiBaseAdvanced\backend\controllers\SolicitanteController.php(47): yii\base\Controller->render('index', Array)
#13 [internal function]: backend\controllers\SolicitanteController->actionIndex()
#14 D:\wamp\www\yiiBaseAdvanced\vendor\yiisoft\yii2\base\InlineAction.php(55): call_user_func_array(Array, Array)
#15 D:\wamp\www\yiiBaseAdvanced\vendor\yiisoft\yii2\base\Controller.php(154): yii\base\InlineAction->runWithParams(Array)
#16 D:\wamp\www\yiiBaseAdvanced\vendor\yiisoft\yii2\base\Module.php(454): yii\base\Controller->runAction('', Array)
#17 D:\wamp\www\yiiBaseAdvanced\vendor\yiisoft\yii2\web\Application.php(87): yii\base\Module->runAction('solicitante', Array)
#18 D:\wamp\www\yiiBaseAdvanced\vendor\yiisoft\yii2\base\Application.php(375): yii\web\Application->handleRequest(Object(yii\web\Request))
#19 D:\wamp\www\yiiBaseAdvanced\backend\web\index.php(18): yii\base\Application->run()
#20 {main}
2016-08-12 15:35:07 [::1][-][-][info][application] $_GET = [
    'r' => 'solicitante'
]

$_COOKIE = [
    '_pk_id_1_1fff' => 'eb457de9c2ba48c8.1452878176.1.1452879564.1452878176.'
    '_csrf' => '8920e32a3416a4c82a0ec3d70d203209804a20b22f1d63125dc2591b069c21efa:2:{i:0;s:5:\"_csrf\";i:1;s:32:\"urH7w_LJFgnaSDqMy9INTfs6o4NKX0Mc\";}'
    'advanced-backend' => '44tmgv1imscp2421b96nud6fi0'
    '_identity-backend' => '87c7ab57b17f77863dffbbcdb14b814d11b7acbb48a089bb7ab1453f327c4c48a:2:{i:0;s:17:\"_identity-backend\";i:1;s:46:\"[1,\"HYOgqXKhNLISrlVmbCrog0vSs3SoxWno\",2592000]\";}'
    'PHPSESSID' => 'htk8iqn6p5q4daspv7i2o0lhb7'
    '_csrf-frontend' => '9487b4af9d2ceebeeebd33c5452b9c9f7625cb9037fe1abaeccf7c4b259792bfa:2:{i:0;s:14:\"_csrf-frontend\";i:1;s:32:\"WTh4Tt7iI1G0iSFfjSfotLZnyxH0XiGK\";}'
    '_csrf-backend' => '56727a8163895e4d7d580875f2998037cbd2729161f75e8979e50d3d49af9004a:2:{i:0;s:13:\"_csrf-backend\";i:1;s:32:\"4MMyxG7QMtD7S3JIKAGUw7I4tvrw1m1K\";}'
    'advanced-frontend' => 'qsdka5kk13cv20srsg5btsc104'
    '_identity-frontend' => '211de4e0981c56890b0795cf05d72a9c40d96a771cfb83a473a8c6f4157f7f52a:2:{i:0;s:18:\"_identity-frontend\";i:1;s:46:\"[1,\"3aMP2OYqzM9VCaJHKbN6bXdbKjOT1gFe\",2592000]\";}'
]

$_SERVER = [
    'HTTP_HOST' => 'localhost'
    'HTTP_CONNECTION' => 'keep-alive'
    'HTTP_CACHE_CONTROL' => 'max-age=0'
    'HTTP_UPGRADE_INSECURE_REQUESTS' => '1'
    'HTTP_USER_AGENT' => 'Mozilla/5.0 (Windows NT 6.1; WOW64) AppleWebKit/537.36 (KHTML, like Gecko) Chrome/51.0.2704.103 Safari/537.36'
    'HTTP_ACCEPT' => 'text/html,application/xhtml+xml,application/xml;q=0.9,image/webp,*/*;q=0.8'
    'HTTP_ACCEPT_ENCODING' => 'gzip, deflate, sdch'
    'HTTP_ACCEPT_LANGUAGE' => 'es-ES,es;q=0.8,en;q=0.6'
    'HTTP_COOKIE' => '_pk_id.1.1fff=eb457de9c2ba48c8.1452878176.1.1452879564.1452878176.; _csrf=8920e32a3416a4c82a0ec3d70d203209804a20b22f1d63125dc2591b069c21efa%3A2%3A%7Bi%3A0%3Bs%3A5%3A%22_csrf%22%3Bi%3A1%3Bs%3A32%3A%22urH7w_LJFgnaSDqMy9INTfs6o4NKX0Mc%22%3B%7D; advanced-backend=44tmgv1imscp2421b96nud6fi0; _identity-backend=87c7ab57b17f77863dffbbcdb14b814d11b7acbb48a089bb7ab1453f327c4c48a%3A2%3A%7Bi%3A0%3Bs%3A17%3A%22_identity-backend%22%3Bi%3A1%3Bs%3A46%3A%22%5B1%2C%22HYOgqXKhNLISrlVmbCrog0vSs3SoxWno%22%2C2592000%5D%22%3B%7D; PHPSESSID=htk8iqn6p5q4daspv7i2o0lhb7; _csrf-frontend=9487b4af9d2ceebeeebd33c5452b9c9f7625cb9037fe1abaeccf7c4b259792bfa%3A2%3A%7Bi%3A0%3Bs%3A14%3A%22_csrf-frontend%22%3Bi%3A1%3Bs%3A32%3A%22WTh4Tt7iI1G0iSFfjSfotLZnyxH0XiGK%22%3B%7D; _csrf-backend=56727a8163895e4d7d580875f2998037cbd2729161f75e8979e50d3d49af9004a%3A2%3A%7Bi%3A0%3Bs%3A13%3A%22_csrf-backend%22%3Bi%3A1%3Bs%3A32%3A%224MMyxG7QMtD7S3JIKAGUw7I4tvrw1m1K%22%3B%7D; advanced-frontend=qsdka5kk13cv20srsg5btsc104; _identity-frontend=211de4e0981c56890b0795cf05d72a9c40d96a771cfb83a473a8c6f4157f7f52a%3A2%3A%7Bi%3A0%3Bs%3A18%3A%22_identity-frontend%22%3Bi%3A1%3Bs%3A46%3A%22%5B1%2C%223aMP2OYqzM9VCaJHKbN6bXdbKjOT1gFe%22%2C2592000%5D%22%3B%7D'
    'PATH' => 'C:\\Program Files (x86)\\Intel\\iCLS Client\\;C:\\Program Files\\Intel\\iCLS Client\\;C:\\Windows\\system32;C:\\Windows;C:\\Windows\\System32\\Wbem;C:\\Windows\\System32\\WindowsPowerShell\\v1.0\\;C:\\Program Files\\Intel\\Intel(R) Management Engine Components\\DAL;C:\\Program Files (x86)\\Intel\\Intel(R) Management Engine Components\\DAL;C:\\Program Files\\Intel\\Intel(R) Management Engine Components\\IPT;C:\\Program Files (x86)\\Intel\\Intel(R) Management Engine Components\\IPT;C:\\Program Files\\TortoiseGit\\bin;C:\\Program Files\\TortoiseSVN\\bin;C:\\Program Files (x86)\\Microchip\\MPLAB C32 Suite\\bin;C:\\Program Files (x86)\\Microchip\\xc8\\v1.37\\bin;C:\\Program Files (x86)\\HI-TECH Software\\PICC-18\\PRO\\9.66\\bin;D:\\nodejs\\;C:\\Program Files (x86)\\GNU\\GnuPG\\pub;C:\\Program Files\\Git\\cmd;D:\\wamp\\bin\\php\\php5.5.12;C:\\ProgramData\\ComposerSetup\\bin;'
    'SystemRoot' => 'C:\\Windows'
    'COMSPEC' => 'C:\\Windows\\system32\\cmd.exe'
    'PATHEXT' => '.COM;.EXE;.BAT;.CMD;.VBS;.VBE;.JS;.JSE;.WSF;.WSH;.MSC'
    'WINDIR' => 'C:\\Windows'
    'SERVER_SIGNATURE' => '<address>Apache/2.4.9 (Win32) OpenSSL/1.0.1g PHP/5.5.12 Server at localhost Port 80</address>
'
    'SERVER_SOFTWARE' => 'Apache/2.4.9 (Win32) OpenSSL/1.0.1g PHP/5.5.12'
    'SERVER_NAME' => 'localhost'
    'SERVER_ADDR' => '::1'
    'SERVER_PORT' => '80'
    'REMOTE_ADDR' => '::1'
    'DOCUMENT_ROOT' => 'D:/wamp/www/'
    'REQUEST_SCHEME' => 'http'
    'CONTEXT_PREFIX' => '/yiiback/'
    'CONTEXT_DOCUMENT_ROOT' => 'D:\\wamp\\www\\yiiBaseAdvanced\\backend\\web/'
    'SERVER_ADMIN' => 'admin@example.com'
    'SCRIPT_FILENAME' => 'D:/wamp/www/yiiBaseAdvanced/backend/web/index.php'
    'REMOTE_PORT' => '31350'
    'GATEWAY_INTERFACE' => 'CGI/1.1'
    'SERVER_PROTOCOL' => 'HTTP/1.1'
    'REQUEST_METHOD' => 'GET'
    'QUERY_STRING' => 'r=solicitante'
    'REQUEST_URI' => '/yiiback/index.php?r=solicitante'
    'SCRIPT_NAME' => '/yiiback/index.php'
    'PHP_SELF' => '/yiiback/index.php'
    'REQUEST_TIME_FLOAT' => 1471026907.289
    'REQUEST_TIME' => 1471026907
]
